<?xml version="1.0" encoding="UTF-8"?>
<testsuite xmlns:xsi="http://www.w3.org/2001/XMLSchema-instance" xsi:noNamespaceSchemaLocation="https://maven.apache.org/surefire/maven-surefire-plugin/xsd/surefire-test-report.xsd" name="com.example.springboot003.Springboot003ApplicationTests" time="3.17" tests="1" errors="0" skipped="0" failures="0">
  <properties>
    <property name="sun.desktop" value="windows"/>
    <property name="awt.toolkit" value="sun.awt.windows.WToolkit"/>
    <property name="file.encoding.pkg" value="sun.io"/>
    <property name="java.specification.version" value="1.8"/>
    <property name="sun.cpu.isalist" value="pentium_pro+mmx pentium_pro pentium+mmx pentium i486 i386 i86"/>
    <property name="sun.jnu.encoding" value="GBK"/>
    <property name="java.class.path" value="E:\新建文件夹\代码\代码\springboot003\target\test-classes;E:\新建文件夹\代码\代码\springboot003\target\classes;E:\app\jar\maven_repository\maven_repository\org\springframework\boot\spring-boot-starter-web\2.2.6.RELEASE\spring-boot-starter-web-2.2.6.RELEASE.jar;E:\app\jar\maven_repository\maven_repository\org\springframework\boot\spring-boot-starter\2.2.6.RELEASE\spring-boot-starter-2.2.6.RELEASE.jar;E:\app\jar\maven_repository\maven_repository\org\springframework\boot\spring-boot\2.2.6.RELEASE\spring-boot-2.2.6.RELEASE.jar;E:\app\jar\maven_repository\maven_repository\org\springframework\boot\spring-boot-autoconfigure\2.2.6.RELEASE\spring-boot-autoconfigure-2.2.6.RELEASE.jar;E:\app\jar\maven_repository\maven_repository\org\springframework\boot\spring-boot-starter-logging\2.2.6.RELEASE\spring-boot-starter-logging-2.2.6.RELEASE.jar;E:\app\jar\maven_repository\maven_repository\ch\qos\logback\logback-classic\1.2.3\logback-classic-1.2.3.jar;E:\app\jar\maven_repository\maven_repository\ch\qos\logback\logback-core\1.2.3\logback-core-1.2.3.jar;E:\app\jar\maven_repository\maven_repository\org\apache\logging\log4j\log4j-to-slf4j\2.12.1\log4j-to-slf4j-2.12.1.jar;E:\app\jar\maven_repository\maven_repository\org\apache\logging\log4j\log4j-api\2.12.1\log4j-api-2.12.1.jar;E:\app\jar\maven_repository\maven_repository\org\slf4j\jul-to-slf4j\1.7.30\jul-to-slf4j-1.7.30.jar;E:\app\jar\maven_repository\maven_repository\jakarta\annotation\jakarta.annotation-api\1.3.5\jakarta.annotation-api-1.3.5.jar;E:\app\jar\maven_repository\maven_repository\org\yaml\snakeyaml\1.25\snakeyaml-1.25.jar;E:\app\jar\maven_repository\maven_repository\org\springframework\boot\spring-boot-starter-json\2.2.6.RELEASE\spring-boot-starter-json-2.2.6.RELEASE.jar;E:\app\jar\maven_repository\maven_repository\com\fasterxml\jackson\core\jackson-databind\2.10.3\jackson-databind-2.10.3.jar;E:\app\jar\maven_repository\maven_repository\com\fasterxml\jackson\core\jackson-annotations\2.10.3\jackson-annotations-2.10.3.jar;E:\app\jar\maven_repository\maven_repository\com\fasterxml\jackson\core\jackson-core\2.10.3\jackson-core-2.10.3.jar;E:\app\jar\maven_repository\maven_repository\com\fasterxml\jackson\datatype\jackson-datatype-jdk8\2.10.3\jackson-datatype-jdk8-2.10.3.jar;E:\app\jar\maven_repository\maven_repository\com\fasterxml\jackson\datatype\jackson-datatype-jsr310\2.10.3\jackson-datatype-jsr310-2.10.3.jar;E:\app\jar\maven_repository\maven_repository\com\fasterxml\jackson\module\jackson-module-parameter-names\2.10.3\jackson-module-parameter-names-2.10.3.jar;E:\app\jar\maven_repository\maven_repository\org\springframework\boot\spring-boot-starter-tomcat\2.2.6.RELEASE\spring-boot-starter-tomcat-2.2.6.RELEASE.jar;E:\app\jar\maven_repository\maven_repository\org\apache\tomcat\embed\tomcat-embed-core\9.0.33\tomcat-embed-core-9.0.33.jar;E:\app\jar\maven_repository\maven_repository\org\apache\tomcat\embed\tomcat-embed-el\9.0.33\tomcat-embed-el-9.0.33.jar;E:\app\jar\maven_repository\maven_repository\org\apache\tomcat\embed\tomcat-embed-websocket\9.0.33\tomcat-embed-websocket-9.0.33.jar;E:\app\jar\maven_repository\maven_repository\org\springframework\boot\spring-boot-starter-validation\2.2.6.RELEASE\spring-boot-starter-validation-2.2.6.RELEASE.jar;E:\app\jar\maven_repository\maven_repository\jakarta\validation\jakarta.validation-api\2.0.2\jakarta.validation-api-2.0.2.jar;E:\app\jar\maven_repository\maven_repository\org\hibernate\validator\hibernate-validator\6.0.18.Final\hibernate-validator-6.0.18.Final.jar;E:\app\jar\maven_repository\maven_repository\org\jboss\logging\jboss-logging\3.4.1.Final\jboss-logging-3.4.1.Final.jar;E:\app\jar\maven_repository\maven_repository\com\fasterxml\classmate\1.5.1\classmate-1.5.1.jar;E:\app\jar\maven_repository\maven_repository\org\springframework\spring-web\5.2.5.RELEASE\spring-web-5.2.5.RELEASE.jar;E:\app\jar\maven_repository\maven_repository\org\springframework\spring-beans\5.2.5.RELEASE\spring-beans-5.2.5.RELEASE.jar;E:\app\jar\maven_repository\maven_repository\org\springframework\spring-webmvc\5.2.5.RELEASE\spring-webmvc-5.2.5.RELEASE.jar;E:\app\jar\maven_repository\maven_repository\org\springframework\spring-aop\5.2.5.RELEASE\spring-aop-5.2.5.RELEASE.jar;E:\app\jar\maven_repository\maven_repository\org\springframework\spring-context\5.2.5.RELEASE\spring-context-5.2.5.RELEASE.jar;E:\app\jar\maven_repository\maven_repository\org\springframework\spring-expression\5.2.5.RELEASE\spring-expression-5.2.5.RELEASE.jar;E:\app\jar\maven_repository\maven_repository\org\springframework\boot\spring-boot-starter-thymeleaf\2.2.6.RELEASE\spring-boot-starter-thymeleaf-2.2.6.RELEASE.jar;E:\app\jar\maven_repository\maven_repository\org\thymeleaf\thymeleaf-spring5\3.0.11.RELEASE\thymeleaf-spring5-3.0.11.RELEASE.jar;E:\app\jar\maven_repository\maven_repository\org\thymeleaf\thymeleaf\3.0.11.RELEASE\thymeleaf-3.0.11.RELEASE.jar;E:\app\jar\maven_repository\maven_repository\org\attoparser\attoparser\2.0.5.RELEASE\attoparser-2.0.5.RELEASE.jar;E:\app\jar\maven_repository\maven_repository\org\unbescape\unbescape\1.1.6.RELEASE\unbescape-1.1.6.RELEASE.jar;E:\app\jar\maven_repository\maven_repository\org\slf4j\slf4j-api\1.7.30\slf4j-api-1.7.30.jar;E:\app\jar\maven_repository\maven_repository\org\thymeleaf\extras\thymeleaf-extras-java8time\3.0.4.RELEASE\thymeleaf-extras-java8time-3.0.4.RELEASE.jar;E:\app\jar\maven_repository\maven_repository\org\webjars\bootstrap\4.0.0\bootstrap-4.0.0.jar;E:\app\jar\maven_repository\maven_repository\org\webjars\npm\popper.js\1.11.1\popper.js-1.11.1.jar;E:\app\jar\maven_repository\maven_repository\org\webjars\jquery\3.3.1\jquery-3.3.1.jar;E:\app\jar\maven_repository\maven_repository\org\mybatis\mybatis\3.4.5\mybatis-3.4.5.jar;E:\app\jar\maven_repository\maven_repository\mysql\mysql-connector-java\8.0.19\mysql-connector-java-8.0.19.jar;E:\app\jar\maven_repository\maven_repository\org\springframework\boot\spring-boot-starter-test\2.2.6.RELEASE\spring-boot-starter-test-2.2.6.RELEASE.jar;E:\app\jar\maven_repository\maven_repository\org\springframework\boot\spring-boot-test\2.2.6.RELEASE\spring-boot-test-2.2.6.RELEASE.jar;E:\app\jar\maven_repository\maven_repository\org\springframework\boot\spring-boot-test-autoconfigure\2.2.6.RELEASE\spring-boot-test-autoconfigure-2.2.6.RELEASE.jar;E:\app\jar\maven_repository\maven_repository\com\jayway\jsonpath\json-path\2.4.0\json-path-2.4.0.jar;E:\app\jar\maven_repository\maven_repository\net\minidev\json-smart\2.3\json-smart-2.3.jar;E:\app\jar\maven_repository\maven_repository\net\minidev\accessors-smart\1.2\accessors-smart-1.2.jar;E:\app\jar\maven_repository\maven_repository\org\ow2\asm\asm\5.0.4\asm-5.0.4.jar;E:\app\jar\maven_repository\maven_repository\jakarta\xml\bind\jakarta.xml.bind-api\2.3.3\jakarta.xml.bind-api-2.3.3.jar;E:\app\jar\maven_repository\maven_repository\jakarta\activation\jakarta.activation-api\1.2.2\jakarta.activation-api-1.2.2.jar;E:\app\jar\maven_repository\maven_repository\org\junit\jupiter\junit-jupiter\5.5.2\junit-jupiter-5.5.2.jar;E:\app\jar\maven_repository\maven_repository\org\junit\jupiter\junit-jupiter-api\5.5.2\junit-jupiter-api-5.5.2.jar;E:\app\jar\maven_repository\maven_repository\org\apiguardian\apiguardian-api\1.1.0\apiguardian-api-1.1.0.jar;E:\app\jar\maven_repository\maven_repository\org\opentest4j\opentest4j\1.2.0\opentest4j-1.2.0.jar;E:\app\jar\maven_repository\maven_repository\org\junit\platform\junit-platform-commons\1.5.2\junit-platform-commons-1.5.2.jar;E:\app\jar\maven_repository\maven_repository\org\junit\jupiter\junit-jupiter-params\5.5.2\junit-jupiter-params-5.5.2.jar;E:\app\jar\maven_repository\maven_repository\org\junit\jupiter\junit-jupiter-engine\5.5.2\junit-jupiter-engine-5.5.2.jar;E:\app\jar\maven_repository\maven_repository\org\junit\platform\junit-platform-engine\1.5.2\junit-platform-engine-1.5.2.jar;E:\app\jar\maven_repository\maven_repository\org\mockito\mockito-junit-jupiter\3.1.0\mockito-junit-jupiter-3.1.0.jar;E:\app\jar\maven_repository\maven_repository\org\assertj\assertj-core\3.13.2\assertj-core-3.13.2.jar;E:\app\jar\maven_repository\maven_repository\org\hamcrest\hamcrest\2.1\hamcrest-2.1.jar;E:\app\jar\maven_repository\maven_repository\org\mockito\mockito-core\3.1.0\mockito-core-3.1.0.jar;E:\app\jar\maven_repository\maven_repository\net\bytebuddy\byte-buddy\1.10.8\byte-buddy-1.10.8.jar;E:\app\jar\maven_repository\maven_repository\net\bytebuddy\byte-buddy-agent\1.10.8\byte-buddy-agent-1.10.8.jar;E:\app\jar\maven_repository\maven_repository\org\objenesis\objenesis\2.6\objenesis-2.6.jar;E:\app\jar\maven_repository\maven_repository\org\skyscreamer\jsonassert\1.5.0\jsonassert-1.5.0.jar;E:\app\jar\maven_repository\maven_repository\com\vaadin\external\google\android-json\0.0.20131108.vaadin1\android-json-0.0.20131108.vaadin1.jar;E:\app\jar\maven_repository\maven_repository\org\springframework\spring-core\5.2.5.RELEASE\spring-core-5.2.5.RELEASE.jar;E:\app\jar\maven_repository\maven_repository\org\springframework\spring-jcl\5.2.5.RELEASE\spring-jcl-5.2.5.RELEASE.jar;E:\app\jar\maven_repository\maven_repository\org\springframework\spring-test\5.2.5.RELEASE\spring-test-5.2.5.RELEASE.jar;E:\app\jar\maven_repository\maven_repository\org\xmlunit\xmlunit-core\2.6.4\xmlunit-core-2.6.4.jar;"/>
    <property name="java.vm.vendor" value="Oracle Corporation"/>
    <property name="sun.arch.data.model" value="32"/>
    <property name="user.variant" value=""/>
    <property name="java.vendor.url" value="http://java.oracle.com/"/>
    <property name="user.timezone" value="Asia/Shanghai"/>
    <property name="java.vm.specification.version" value="1.8"/>
    <property name="os.name" value="Windows 10"/>
    <property name="user.country" value="CN"/>
    <property name="sun.java.launcher" value="SUN_STANDARD"/>
    <property name="sun.boot.library.path" value="C:\Program Files (x86)\Java\jdk1.8.0_152\jre\bin"/>
    <property name="sun.java.command" value="C:\Users\aaa\AppData\Local\Temp\surefire1821121886011049323\surefirebooter5622457314043114688.jar C:\Users\aaa\AppData\Local\Temp\surefire1821121886011049323 2020-06-27T16-10-27_426-jvmRun1 surefire9183782560144939310tmp surefire_03626049116026702516tmp"/>
    <property name="surefire.test.class.path" value="E:\新建文件夹\代码\代码\springboot003\target\test-classes;E:\新建文件夹\代码\代码\springboot003\target\classes;E:\app\jar\maven_repository\maven_repository\org\springframework\boot\spring-boot-starter-web\2.2.6.RELEASE\spring-boot-starter-web-2.2.6.RELEASE.jar;E:\app\jar\maven_repository\maven_repository\org\springframework\boot\spring-boot-starter\2.2.6.RELEASE\spring-boot-starter-2.2.6.RELEASE.jar;E:\app\jar\maven_repository\maven_repository\org\springframework\boot\spring-boot\2.2.6.RELEASE\spring-boot-2.2.6.RELEASE.jar;E:\app\jar\maven_repository\maven_repository\org\springframework\boot\spring-boot-autoconfigure\2.2.6.RELEASE\spring-boot-autoconfigure-2.2.6.RELEASE.jar;E:\app\jar\maven_repository\maven_repository\org\springframework\boot\spring-boot-starter-logging\2.2.6.RELEASE\spring-boot-starter-logging-2.2.6.RELEASE.jar;E:\app\jar\maven_repository\maven_repository\ch\qos\logback\logback-classic\1.2.3\logback-classic-1.2.3.jar;E:\app\jar\maven_repository\maven_repository\ch\qos\logback\logback-core\1.2.3\logback-core-1.2.3.jar;E:\app\jar\maven_repository\maven_repository\org\apache\logging\log4j\log4j-to-slf4j\2.12.1\log4j-to-slf4j-2.12.1.jar;E:\app\jar\maven_repository\maven_repository\org\apache\logging\log4j\log4j-api\2.12.1\log4j-api-2.12.1.jar;E:\app\jar\maven_repository\maven_repository\org\slf4j\jul-to-slf4j\1.7.30\jul-to-slf4j-1.7.30.jar;E:\app\jar\maven_repository\maven_repository\jakarta\annotation\jakarta.annotation-api\1.3.5\jakarta.annotation-api-1.3.5.jar;E:\app\jar\maven_repository\maven_repository\org\yaml\snakeyaml\1.25\snakeyaml-1.25.jar;E:\app\jar\maven_repository\maven_repository\org\springframework\boot\spring-boot-starter-json\2.2.6.RELEASE\spring-boot-starter-json-2.2.6.RELEASE.jar;E:\app\jar\maven_repository\maven_repository\com\fasterxml\jackson\core\jackson-databind\2.10.3\jackson-databind-2.10.3.jar;E:\app\jar\maven_repository\maven_repository\com\fasterxml\jackson\core\jackson-annotations\2.10.3\jackson-annotations-2.10.3.jar;E:\app\jar\maven_repository\maven_repository\com\fasterxml\jackson\core\jackson-core\2.10.3\jackson-core-2.10.3.jar;E:\app\jar\maven_repository\maven_repository\com\fasterxml\jackson\datatype\jackson-datatype-jdk8\2.10.3\jackson-datatype-jdk8-2.10.3.jar;E:\app\jar\maven_repository\maven_repository\com\fasterxml\jackson\datatype\jackson-datatype-jsr310\2.10.3\jackson-datatype-jsr310-2.10.3.jar;E:\app\jar\maven_repository\maven_repository\com\fasterxml\jackson\module\jackson-module-parameter-names\2.10.3\jackson-module-parameter-names-2.10.3.jar;E:\app\jar\maven_repository\maven_repository\org\springframework\boot\spring-boot-starter-tomcat\2.2.6.RELEASE\spring-boot-starter-tomcat-2.2.6.RELEASE.jar;E:\app\jar\maven_repository\maven_repository\org\apache\tomcat\embed\tomcat-embed-core\9.0.33\tomcat-embed-core-9.0.33.jar;E:\app\jar\maven_repository\maven_repository\org\apache\tomcat\embed\tomcat-embed-el\9.0.33\tomcat-embed-el-9.0.33.jar;E:\app\jar\maven_repository\maven_repository\org\apache\tomcat\embed\tomcat-embed-websocket\9.0.33\tomcat-embed-websocket-9.0.33.jar;E:\app\jar\maven_repository\maven_repository\org\springframework\boot\spring-boot-starter-validation\2.2.6.RELEASE\spring-boot-starter-validation-2.2.6.RELEASE.jar;E:\app\jar\maven_repository\maven_repository\jakarta\validation\jakarta.validation-api\2.0.2\jakarta.validation-api-2.0.2.jar;E:\app\jar\maven_repository\maven_repository\org\hibernate\validator\hibernate-validator\6.0.18.Final\hibernate-validator-6.0.18.Final.jar;E:\app\jar\maven_repository\maven_repository\org\jboss\logging\jboss-logging\3.4.1.Final\jboss-logging-3.4.1.Final.jar;E:\app\jar\maven_repository\maven_repository\com\fasterxml\classmate\1.5.1\classmate-1.5.1.jar;E:\app\jar\maven_repository\maven_repository\org\springframework\spring-web\5.2.5.RELEASE\spring-web-5.2.5.RELEASE.jar;E:\app\jar\maven_repository\maven_repository\org\springframework\spring-beans\5.2.5.RELEASE\spring-beans-5.2.5.RELEASE.jar;E:\app\jar\maven_repository\maven_repository\org\springframework\spring-webmvc\5.2.5.RELEASE\spring-webmvc-5.2.5.RELEASE.jar;E:\app\jar\maven_repository\maven_repository\org\springframework\spring-aop\5.2.5.RELEASE\spring-aop-5.2.5.RELEASE.jar;E:\app\jar\maven_repository\maven_repository\org\springframework\spring-context\5.2.5.RELEASE\spring-context-5.2.5.RELEASE.jar;E:\app\jar\maven_repository\maven_repository\org\springframework\spring-expression\5.2.5.RELEASE\spring-expression-5.2.5.RELEASE.jar;E:\app\jar\maven_repository\maven_repository\org\springframework\boot\spring-boot-starter-thymeleaf\2.2.6.RELEASE\spring-boot-starter-thymeleaf-2.2.6.RELEASE.jar;E:\app\jar\maven_repository\maven_repository\org\thymeleaf\thymeleaf-spring5\3.0.11.RELEASE\thymeleaf-spring5-3.0.11.RELEASE.jar;E:\app\jar\maven_repository\maven_repository\org\thymeleaf\thymeleaf\3.0.11.RELEASE\thymeleaf-3.0.11.RELEASE.jar;E:\app\jar\maven_repository\maven_repository\org\attoparser\attoparser\2.0.5.RELEASE\attoparser-2.0.5.RELEASE.jar;E:\app\jar\maven_repository\maven_repository\org\unbescape\unbescape\1.1.6.RELEASE\unbescape-1.1.6.RELEASE.jar;E:\app\jar\maven_repository\maven_repository\org\slf4j\slf4j-api\1.7.30\slf4j-api-1.7.30.jar;E:\app\jar\maven_repository\maven_repository\org\thymeleaf\extras\thymeleaf-extras-java8time\3.0.4.RELEASE\thymeleaf-extras-java8time-3.0.4.RELEASE.jar;E:\app\jar\maven_repository\maven_repository\org\webjars\bootstrap\4.0.0\bootstrap-4.0.0.jar;E:\app\jar\maven_repository\maven_repository\org\webjars\npm\popper.js\1.11.1\popper.js-1.11.1.jar;E:\app\jar\maven_repository\maven_repository\org\webjars\jquery\3.3.1\jquery-3.3.1.jar;E:\app\jar\maven_repository\maven_repository\org\mybatis\mybatis\3.4.5\mybatis-3.4.5.jar;E:\app\jar\maven_repository\maven_repository\mysql\mysql-connector-java\8.0.19\mysql-connector-java-8.0.19.jar;E:\app\jar\maven_repository\maven_repository\org\springframework\boot\spring-boot-starter-test\2.2.6.RELEASE\spring-boot-starter-test-2.2.6.RELEASE.jar;E:\app\jar\maven_repository\maven_repository\org\springframework\boot\spring-boot-test\2.2.6.RELEASE\spring-boot-test-2.2.6.RELEASE.jar;E:\app\jar\maven_repository\maven_repository\org\springframework\boot\spring-boot-test-autoconfigure\2.2.6.RELEASE\spring-boot-test-autoconfigure-2.2.6.RELEASE.jar;E:\app\jar\maven_repository\maven_repository\com\jayway\jsonpath\json-path\2.4.0\json-path-2.4.0.jar;E:\app\jar\maven_repository\maven_repository\net\minidev\json-smart\2.3\json-smart-2.3.jar;E:\app\jar\maven_repository\maven_repository\net\minidev\accessors-smart\1.2\accessors-smart-1.2.jar;E:\app\jar\maven_repository\maven_repository\org\ow2\asm\asm\5.0.4\asm-5.0.4.jar;E:\app\jar\maven_repository\maven_repository\jakarta\xml\bind\jakarta.xml.bind-api\2.3.3\jakarta.xml.bind-api-2.3.3.jar;E:\app\jar\maven_repository\maven_repository\jakarta\activation\jakarta.activation-api\1.2.2\jakarta.activation-api-1.2.2.jar;E:\app\jar\maven_repository\maven_repository\org\junit\jupiter\junit-jupiter\5.5.2\junit-jupiter-5.5.2.jar;E:\app\jar\maven_repository\maven_repository\org\junit\jupiter\junit-jupiter-api\5.5.2\junit-jupiter-api-5.5.2.jar;E:\app\jar\maven_repository\maven_repository\org\apiguardian\apiguardian-api\1.1.0\apiguardian-api-1.1.0.jar;E:\app\jar\maven_repository\maven_repository\org\opentest4j\opentest4j\1.2.0\opentest4j-1.2.0.jar;E:\app\jar\maven_repository\maven_repository\org\junit\platform\junit-platform-commons\1.5.2\junit-platform-commons-1.5.2.jar;E:\app\jar\maven_repository\maven_repository\org\junit\jupiter\junit-jupiter-params\5.5.2\junit-jupiter-params-5.5.2.jar;E:\app\jar\maven_repository\maven_repository\org\junit\jupiter\junit-jupiter-engine\5.5.2\junit-jupiter-engine-5.5.2.jar;E:\app\jar\maven_repository\maven_repository\org\junit\platform\junit-platform-engine\1.5.2\junit-platform-engine-1.5.2.jar;E:\app\jar\maven_repository\maven_repository\org\mockito\mockito-junit-jupiter\3.1.0\mockito-junit-jupiter-3.1.0.jar;E:\app\jar\maven_repository\maven_repository\org\assertj\assertj-core\3.13.2\assertj-core-3.13.2.jar;E:\app\jar\maven_repository\maven_repository\org\hamcrest\hamcrest\2.1\hamcrest-2.1.jar;E:\app\jar\maven_repository\maven_repository\org\mockito\mockito-core\3.1.0\mockito-core-3.1.0.jar;E:\app\jar\maven_repository\maven_repository\net\bytebuddy\byte-buddy\1.10.8\byte-buddy-1.10.8.jar;E:\app\jar\maven_repository\maven_repository\net\bytebuddy\byte-buddy-agent\1.10.8\byte-buddy-agent-1.10.8.jar;E:\app\jar\maven_repository\maven_repository\org\objenesis\objenesis\2.6\objenesis-2.6.jar;E:\app\jar\maven_repository\maven_repository\org\skyscreamer\jsonassert\1.5.0\jsonassert-1.5.0.jar;E:\app\jar\maven_repository\maven_repository\com\vaadin\external\google\android-json\0.0.20131108.vaadin1\android-json-0.0.20131108.vaadin1.jar;E:\app\jar\maven_repository\maven_repository\org\springframework\spring-core\5.2.5.RELEASE\spring-core-5.2.5.RELEASE.jar;E:\app\jar\maven_repository\maven_repository\org\springframework\spring-jcl\5.2.5.RELEASE\spring-jcl-5.2.5.RELEASE.jar;E:\app\jar\maven_repository\maven_repository\org\springframework\spring-test\5.2.5.RELEASE\spring-test-5.2.5.RELEASE.jar;E:\app\jar\maven_repository\maven_repository\org\xmlunit\xmlunit-core\2.6.4\xmlunit-core-2.6.4.jar;"/>
    <property name="sun.cpu.endian" value="little"/>
    <property name="user.home" value="C:\Users\aaa"/>
    <property name="user.language" value="zh"/>
    <property name="java.specification.vendor" value="Oracle Corporation"/>
    <property name="java.home" value="C:\Program Files (x86)\Java\jdk1.8.0_152\jre"/>
    <property name="basedir" value="E:\新建文件夹\代码\代码\springboot003"/>
    <property name="file.separator" value="\"/>
    <property name="line.separator" value="&#10;"/>
    <property name="java.vm.specification.vendor" value="Oracle Corporation"/>
    <property name="java.specification.name" value="Java Platform API Specification"/>
    <property name="java.awt.graphicsenv" value="sun.awt.Win32GraphicsEnvironment"/>
    <property name="surefire.real.class.path" value="C:\Users\aaa\AppData\Local\Temp\surefire1821121886011049323\surefirebooter5622457314043114688.jar"/>
    <property name="sun.boot.class.path" value="C:\Program Files (x86)\Java\jdk1.8.0_152\jre\lib\resources.jar;C:\Program Files (x86)\Java\jdk1.8.0_152\jre\lib\rt.jar;C:\Program Files (x86)\Java\jdk1.8.0_152\jre\lib\sunrsasign.jar;C:\Program Files (x86)\Java\jdk1.8.0_152\jre\lib\jsse.jar;C:\Program Files (x86)\Java\jdk1.8.0_152\jre\lib\jce.jar;C:\Program Files (x86)\Java\jdk1.8.0_152\jre\lib\charsets.jar;C:\Program Files (x86)\Java\jdk1.8.0_152\jre\lib\jfr.jar;C:\Program Files (x86)\Java\jdk1.8.0_152\jre\classes"/>
    <property name="user.script" value=""/>
    <property name="sun.management.compiler" value="HotSpot Client Compiler"/>
    <property name="java.runtime.version" value="1.8.0_152-ea-b05"/>
    <property name="user.name" value="aaa"/>
    <property name="path.separator" value=";"/>
    <property name="os.version" value="10.0"/>
    <property name="java.endorsed.dirs" value="C:\Program Files (x86)\Java\jdk1.8.0_152\jre\lib\endorsed"/>
    <property name="java.runtime.name" value="Java(TM) SE Runtime Environment"/>
    <property name="file.encoding" value="GBK"/>
    <property name="java.vm.name" value="Java HotSpot(TM) Client VM"/>
    <property name="localRepository" value="E:\app\jar\maven_repository\maven_repository"/>
    <property name="java.vendor.url.bug" value="http://bugreport.sun.com/bugreport/"/>
    <property name="java.io.tmpdir" value="C:\Users\aaa\AppData\Local\Temp\"/>
    <property name="java.version" value="1.8.0_152-ea"/>
    <property name="user.dir" value="E:\新建文件夹\代码\代码\springboot003"/>
    <property name="os.arch" value="x86"/>
    <property name="java.vm.specification.name" value="Java Virtual Machine Specification"/>
    <property name="java.awt.printerjob" value="sun.awt.windows.WPrinterJob"/>
    <property name="sun.os.patch.level" value=""/>
    <property name="idea.version2019.3.3" value="true"/>
    <property name="java.library.path" value="C:\Program Files (x86)\Java\jdk1.8.0_152\jre\bin;C:\WINDOWS\Sun\Java\bin;C:\WINDOWS\system32;C:\WINDOWS;E:\python\Scripts\;E:\python\;C:\Program Files (x86)\Intel\iCLS Client\;C:\Program Files\Intel\iCLS Client\;C:\Windows\system32;C:\Windows;C:\Windows\System32\Wbem;C:\Windows\System32\WindowsPowerShell\v1.0\;C:\Program Files (x86)\Intel\Intel(R) Management Engine Components\DAL;C:\Program Files\Intel\Intel(R) Management Engine Components\DAL;C:\Program Files (x86)\Intel\Intel(R) Management Engine Components\IPT;C:\Program Files\Intel\Intel(R) Managem.;ent Engine Components\IPT;C:\Program Files (x86)\NVIDIA Corporation\PhysX\Common;C:\Program Files (x86)\Java\jdk1.8.0_152\bin;C:\WINDOWS\system32;C:\WINDOWS;C:\WINDOWS\System32\Wbem;C:\WINDOWS\System32\WindowsPowerShell\v1.0\;C:\WINDOWS\System32\OpenSSH\;C:\Program Files\Microsoft VS Code\bin;C:\Program Files\MySQL\MySQL Server 5.5\bin;C:\Program Files\Microsoft SQL Server\Client SDK\ODBC\130\Tools\Binn\;C:\Program Files (x86)\Microsoft SQL Server\140\Tools\Binn\;C:\Program Files\Microsoft SQL Server\140\Tools\Binn\;C:\Program Files\Microsoft SQL Server\140\DTS\Binn\;C:\Program Files (x86)\Java\jdk1.8.0_152;C:\Program Files (x86)\Java\jre1.8.0_152;E:\mysql\bin;E:\app\apache-maven-3.5.2-bin\apache-maven-3.5.2\bin;&quot;C:\WINDOWS\system32;C:\WINDOWS;C:\WINDOWS\System32\Wbem&quot;;C:\Program Files (x86)\Microsoft SQL Server\100\Tools\Binn\;C:\Program Files\Microsoft SQL Server\100\Tools\Binn\;C:\Program Files\Microsoft SQL Server\100\DTS\Binn\;E:\app\ToiseGit\bin;C:\Program Files (x86)\Java\jdk1.8.0_152\bin;C:\Users\aaa\AppData\Local\Microsoft\WindowsApps;;E:\app\idea\IntelliJ IDEA 2019.3.3\bin;;."/>
    <property name="java.vm.info" value="mixed mode, sharing"/>
    <property name="java.vendor" value="Oracle Corporation"/>
    <property name="java.vm.version" value="25.152-b05"/>
    <property name="java.ext.dirs" value="C:\Program Files (x86)\Java\jdk1.8.0_152\jre\lib\ext;C:\WINDOWS\Sun\Java\lib\ext"/>
    <property name="sun.io.unicode.encoding" value="UnicodeLittle"/>
    <property name="maven.repo.local" value="E:\app\jar\maven_repository\maven_repository"/>
    <property name="java.class.version" value="52.0"/>
  </properties>
  <testcase name="contextLoads" classname="com.example.springboot003.Springboot003ApplicationTests" time="0.421"/>
</testsuite>